[    0.000000] Initializing cgroup subsys cpuset
[    0.000000] Initializing cgroup subsys cpu
[  0.000000] Initializing cgroup subsys cpuacct
[    0.000000] Linux version 4.4.0-124-generic (buildd@lcy01-amd64-028) (gcc version 5.4.0 20160609 (Ubuntu 5.4.0-6ubuntu1~16.04.9) ) #148-Ubuntu SMP Wed May 2 13:00:18 UTC 2018 (Ubuntu 4.4.0-124.148-generic 4.4.117)
[    0.000000] Command line: BOOT_IMAGE=/boot/vmlinuz-4.4.0-124-generic root=LABEL=cloudimg-rootfs ro console=tty1 console=ttyS0
[    0.000000] KERRNEL supported cpus:
[    0.000000]   Intel GenuineIntel
[    0.000000]   AMD AuthenticAMD
[    0.000000]   Centaur CentaurHauls
[    0.000000] x86/fpu: xstate_offset[2]:  576, xstate_sizes[2]:  256
[    0.000000] x86/fpu: Supporting XSAVE feature 0x01: 'x87 floating point registers'
[    0.000000] x86/fpu: Supporting XSAVE feature 0x02: 'SSE gisters'
[    0.000000] x86fpu: Supporting XSAVE feature 0x04: 'AVX registers'
[    0.000000] x86/fpu: Enabled xstate features 0x7, context size is 832 bytes, using 'standard' format.
[    0.000000] x86/fpu: Using 'lazy' FPU context switches.
[    0.000000] e820: BIOS-provided physical RAM map:
[    0.000000] BIOS-e820: [mem 0x0000000000000000-0x000000000009fbff] usable
[    0.000000] BIOS-e820: [mem 0x000000000009fc00-0x000000000009ffff] reserved
[    0.000000] BIOS-e820: [mem 0x00000000000f0000-0x00000000000fffff] reserved
[    0.000000] BIOS-e820: [mem 0x0000000000100000-0x000000003ffeffff] usable
[    0.000000] BIOS-e820: [mem 0x000000003fff0000-0x000000003fffffff] ACPI data
[    0.000000] BIOS-e820: [mem 0x00000000fec00000-0x00000000fec00fff] reserved
[    0.000000] BIOS-e820: [mem 0x00000000fee00000-0x00000000fee00fff] reserved
[    0.00000] BIOS-e820: [mem 0x00000000fffc0000-0x00000000ffffffff] reserved
[    0.000000] NX (Execute Disable) protection: active
[    0.000000] SMBIOS 2.5 present.
[    0.000000] Hypervisor detected: KVM
[  0.000000]820: last_pfn = 0x3fff0 max_arch_pfn = 0x400000000
[    0.000000] MTRR: Disabled
[    0.000000] x86/PAT: MTRRs disabled, skipping PAT initialization too.
[    0.000000] CPU MTRRs all blank - virtualized system.
[    0.000000] x86/PAT: Configuration [0-7]: WB  WT  UC- UC  WB  WT  UC- UC  
[    0.000000] found SMP MP-table at [mem 0x0009fff0-0x0009ffff] mapped at [ffff88000009fff0]
[    0.000000] Scanning 1 areas for low memory corruption
[    0.000000] RAMDISK: [mem 0x36a9c000-0x37545fff]
[    0.000000] ACPI: Early table checksum verification disabled
[    0.000000] ACPI: RSDP 0x00000000000E0000 000024 (v02 VBOX  )
[    0.000000] ACPI: XSDT 0x000000003FFF0030 00003C (v01 VBOX   VBOXXSDT 00000001 ASL  00000061)
[    0.000000] ACPI: FACP 0x000000003FFF00F0 0000F4 (v04 VBOX   VBOXFACP 00000001 ASL  00000061)
[    0.000000] ACPI: DSDT 0x000000003FFF0470 0021FF (v02 VBOX   VBOXBIOS 00000002 INTL 20100528)
[    0.000000] ACPI: FACS 0x000000003FFF0200 000040
[    0.000000] ACPI: FACS 0x000000003FFF0200 000040
[    0.000000] ACPI: APIC 0x000000003FFF0240 00005C (v02 VBOX   VBOXAPIC 00000001 ASL  00000061)
[    0.000000] ACPI: SSDT 0x000000003FFF02A0 0001CC (v01 VBOX   VBOXCPUT 00000002 INTL 20100528)
[    0.000000] No NUMA configurationfound
[    0.000000] Faking a node at [mem 0x0000000000000000-0x000000003ffeffff]
[    0.000000] NODE_DATA(0) allocated [mem 0x3ffeb000-0x3ffeffff]
[    0.000000] kvm-clock: Using msrs 4b564d01 and 4b564d00
[    0.000000] kvm-clock: cpu 0, msr 0:3ffe3001, primary cpu clock
[    0.000000] kvm-clock: using sched offset of 4735972693 cycles
[    0.000000] clocksource: kvm-clock: mask: 0xffffffffffffffff max_cycles: 0x1cd42e4dffb, max_idle_ns: 881590591483 ns
[    0.000000] Zone ranges:
[    0.000000]   DMA      [mem 0x0000000000001000-0x0000000000ffffff]
[    0.000000]   DMA32    [mem 0x0000000001000000-0x000000003ffeffff]
[    0.000000]   Normal   empty
[    0.0000]   Device   empty
[    0.000000] Movable zone start for each node
[    0.000000] Early memory node ranges
[    0.000000]   node   0: [mem 0x0000000000001000-0x000000000009efff]
[    0.000000]   node   0: [mem 0x0000000000100000-0x000000003ffeffff]
[    0.000000] Initmem setup node 0 [mem 0x0000000000001000-0x000000003ffeffff]
[    0.000000] ACPI: PM-Timer IO Port: 0x4008
[    0.000000] IOAPIC[0]: apic_id 2, version 32, address 0xfec00000, GSI 0-23
[    0.000000] ACPI: INT_SRC_OVR (bus 0 bu_irq 0 global_irq 2 dfl dfl)
[    0.000000] ACPI: INT_SRC_OVR (bus 0 bus_irq 9 global_irq 9 low level)
[    0.000000] Using ACPI (MADT)  for SMP configuration information
[    0.000000] smpboot: Allowing 2 CPUs, 0 hotplug CPUs
[    0.00000] PM: Registered nosave memory: [mem 0x00000000-0x00000fff]
[    0.000000] PM: Registered nosave memory: [mem 0x0009f000-0x0009ffff]
[    0.000000] PM: Registered nosave memory: [mem 0x000a0000-0x000effff]
[    0.000000] PM: Registered nosave memory: [mem 0x000f0000-0x000fffff]
[    0.000000] e820: [mem 04000000-0xfebfffff] available for PCI devices
[    0.000000] Booting paravirtualized kernel on KVM
[    0.000000] clocksource: refined-jiffies: mask: 0xffffffff max_cycles: 0xffffffff, max_idle_ns: 7645519600211568 ns
[    0.000000] setup_percpu: NR_CPUS:512 nr_cpumask_bits:512 nr_cpu_ids:2 nr_node_ids:1
[    0.000000] PERCPU: Embedded 34 pages/cpu @ffff88003fc00000 s99544 r8192 d31528 u1048576
[    0.000000] PV qspinlock hash table entries: 256 (order: 0, 4096 bytes)
[    0.000000] Built 1 zonelists in Node order, mobility grouping on.  Total pages: 257912
[    0.000000] Policy zone: DMA32
[    0.000000] Kernel command line: BO_IMAGE/boot/vmlinuz-4.4.0-124-generic root=LABEL=cloudimg-rootfs ro console=tty1 console=ttyS0
[    0.000000] PID hash table entries: 4096 (order: 3, 32768 bytes)
[    0.000000] Memory: 1001604K/1048120K available (8532K kernel code, 1313K rwdata, 3996K rodata, 1508K init, 1316K bss, 46516K reserved, 0K cma-reserved)
[    0.000000] SLUB: HWalign=64, Order=0-3, MinObjects=0, CPUs=2, Nodes=1
[    0.000000] Kernel/User page tables isolation: enabled
[    0.000000] Hierarchical RCU implementation.
[    0.000000] 	Build-time adjustment of leaf fanout to 64.
[    0.000000] 	RCU restricting CPUs from NR_CPUS=512 to nr_cpu_ids=2.
[    0.000000] RCU: Adjusting geometry for rcu_fanout_leaf=64, nr_cpu_ids=2
[    0.000000] NR_IRQS:33024 nr_irqs:440 16
[   0.000000] Console: colour VGA+ 80x25
[    0.000000] console [tty1] enabled
[    0.000000] console [ttyS0] enabled
[    0.000000] tsc: Detected 2712.000 MHz processor
[    0.499673] Calibrating delay loop (skipped) preset value.. 5424.00 BogoMIPS (lpj=10848000)
[    0.501813] pid_max: default: 32768minimum: 301
[    0.515251] ACPI: Core revision 20150930
[    0.517079] ACPI: 2 ACPI AML tables successfully acquired and loaded
[    0.518884] Security Framework initialized
[    0.519777] Yama: becoming mindful.
[    0.520559] AppArmor: AppArmor initialized
[    0.521488] Dentry cache hash table entries: 131072 (order: 8, 1048576 bytes)
[    0.527812] Inode-cache hash table entries: 65536 (order: 7, 524288 bytes)
[    0.529075] Mount-cache hash table entries: 2048 (order: 2, 16384 bytes)
[    0.530131] Mountpoint-cache hash table entries: 2048 (order: 2, 16384 bytes)
[    0.531439] Initialiizing cgroup subsys io
[    0.532250] Initializing cgroup subsys memory
[    0.533175] Initializing cgroup subsys devices
[    0.534437] Initializing cgroup subsys freezer
[    0.541811] Initializing cgroup subsys net_cls
[    0.542596] Initializing cgroup subsys perf_event
[    0.543406] Initializing cgroup subsys net_prio
[    0.544241] Initializing cgroup subsys hugetlb
[    0.545029] Initializing cgroup subsys pids
[    0.545860] CPU: Physical Processor ID: 0
[    0.546592] CPU: Processor Core ID: 0
[    0.547301] FEATURE SPEC_CTRL Not Present
[    0.549221] mce: CPU supports 0 MCE banks
[    0.557249] Last level iTLB entries: 4KB 64, 2MB 8, 4MB 8
[    0.558549] Last level dTLB entries: 4KB 64, 2MB 0, 4MB 0, 1GB 4
[    0.559619] Spectre V2 mitigation: Mitigation: Full generic retpoline
[    0.560799] Spectre V2 mitigation: Speculation control IBPB not-supported IBRS not-supported
[    0.562229] Spectre V2 mitigation: Filling RSB on context switch
[    0.565691] Freeing SMP alternatives memory: 32K
[    0.581024] ftrace: allocating 32202 entries in 126 pages
[    0.662501] smpboot: APIC(0) Converting physical 0 to logical package 0
[    0.671664] smpboot: Max logical packages: 1
[    0.673136] x2apic enabled
[    0.674185] Switched APIC routing to physical x2apic.
[    0.676422] ..TIMER: vector=0x30 apic1=0 pin1=2 apic2=-1 pin2=-1
[    0.783556] smpboot: CPU0: Intel(R) Core(TM) i5-7200U CPU @ 2.50GHz (family: 0x6, model: 0x8e, stepping: 0x9)
[    0.786268] Performance Events: unsupported p6 CPU model 142 no PMU driver, software events only.
[    0.788524] KVM setup paravirtual spinlock
[    0.790344] x86: Booting SMP configuration:
[    0.791372] .... node  #0, CPUs:      #1
[    0.792469] kvm-clock: cpu 1, msr 0:3ffe3041, secondary cpu clock
[    0.794670] mce: CPU supports 0 MCE banks
[    0.804359] x86: Booted up 1 node, 2 CPUs
[    0.805772] smpboot: Total of 2 processors activated (10848.00 BogoMIPS)
[    0.807871] devtmpfs: initialized
[    0.815293] evm: security.selinux
[    0.819337] evm: security.SMACK64
[    0.820254] evm: security.SMACK64EXEC
[    0.821272] evm: security.SMACK64TRANSMUTE
[    0.822364] evm: security.SMACK64MMAP
[    0.825021] evm: security.ima
[    0.825870] evm: security.capability
[    0.827085] clocksource: jiffies: mask: 0xffffffff max_cycles: 0xffffffff, max_idle_ns: 7645041785100000 ns
[    0.829397] futex hash table entries: 512 (order: 3, 32768 bytes)
[    0.831009] pinctrl core: initialized pinctrl subsystem
[    0.838330] RTC time: 19:41:41, date: 05/10/18
[    0.839629] NET: Registered protocol family 16
[    0.853546] cpuidle: using governor ladder
[    0.866344] cpuidle: using governor menu
[    0.872971] PCCT header not found.
[    0.873737] ACPI: bus type PCI registered
[    0.874833] acpiphp: ACPI Hot Plug PCI Controller Driver version: 0.5
[    0.886889] PCI: Using configuration type 1 for base access
[    0.902539] ACPI: Added _OSI(Module Device)
[    0.912734] ACPI: Added _OSI(Processor Device)
[    0.922032] ACPI: Added _OSI(3.0 _SCP Extensions)
[    0.922976] ACPI: Added _OSI(Processor Aggregator Device)
[    0.944910] ACPI: Executed 1 blocks of module-level executable AML code
[    0.962984] ACPI: Interpreter enabled
[    0.963710] ACPI: (supports S0 S5)
[    0.964391] ACPI: Using IOAPIC for interrupt routing
[    0.965479] PCI: Using host bridge windows from ACPI; if necessary, use "pci=nocrs" and report a bug
[    0.982471] ACPI: PCI Root Bridge [PCI0] (domain 0000 [bus 00-ff])
[    0.984544] acpi PNP0A03:00: _OSC: OS supports [ASPM ClockPM Segments MSI]
[    0.986168] acpi PNP0A03:00: _OSC: not requesting OS control; OS requires [ExtendedConfig ASPM ClockPM MSI]
[    0.988580] acpi PNP0A03:00: fail to add MMCONFIG information, can't access extended PCI configuration space under this bridge.
[    0.991503] PCI host bridge to bus 0000:00
[    1.012455] pci_bus 0000:00: root bus resource [io  0x0000-0x0cf7 window]
[    1.013540] pci_bus 0000:00: root bus resource [io  0x0d00-0xffff window]
[    1.014620] pci_bus 0000:00: root bus resource [mem 0x000a0000-0x000bffff window]
[    1.016050] pci_bus 0000:00: root bus resource [mem 0x40000000-0xfdffffff window]
[    1.018140] pci_bus 0000:00: root bus resource [bus 00-ff]
[    1.020874] pci 0000:00:01.1: legacy IDE quirk: reg 0x10: [io  0x01f0-0x01f7]
[    1.022117] pci 0000:00:01.1: legacy IDE quirk: reg 0x14: [io  0x03f6]
[    1.032940] pci 0000:00:01.1: legacy IDE quirk: reg 0x18: [io  0x0170-0x0177]
[    1.034717] pci 0000:00:01.1: legacy IDE quirk: reg 0x1c: [io  0x0376]
[    1.059405] pci 0000:00:07.0: quirk: [io  0x4000-0x403f] claimed by PIIX4 ACPI
[    1.068023] pci 0000:00:07.0: quirk: [io  0x4100-0x410f] claimed by PIIX4 SMB
[    1.082483] ACPI: PCI Interrupt Link [LNKA] (IRQs 5 9 10 *11)
[    1.084908] ACPI: PCI Interrupt Link [LNKB] (IRQs 5 9 *10 11)
[    1.086511] ACPI: PCI Interrupt Link [LNKC] (IRQs 5 *9 10 11)
[    1.088157] ACPI: PCI Interrupt Link [LNKD] (IRQs 5 9 10 *11)
[    1.089794] ACPI: Enabled 2 GPEs in block 00 to 07
[    1.091184] vgaarb: setting as boot device: PCI:0000:00:02.0
[    1.112266] vgaarb: device added: PCI:0000:00:02.0,decodes=io+mem,owns=io+mem,locks=none
[    1.113869] vgaarb: loaded
[    1.114442] vgaarb: bridge control possible 0000:00:02.0
[    1.115970] SCSI subsystem initialized
[    1.117530] ACPI: bus type USB registered
[    1.118614] usbcore: registered new interface driver usbfs
[    1.119646] usbcore: registered new interface driver hub
[    1.120676] usbcore: registered new device driver usb
[    1.130914] PCI: Using ACPI for IRQ routing
[    1.132188] NetLabel: Initializing
[    1.133102] NetLabel:  domain hash size = 128
[    1.134537] NetLabel:  protocols = UNLABELED CIPSOv4
[    1.135719] NetLabel:  unlabeled traffic allowed by default
[    1.136905] amd_nb: Cannot enumerate AMD northbridges
[    1.144382] clocksource: Switched to clocksource kvm-clock
[    1.165053] AppArmor: AppArmor Filesystem Enabled
[    1.166217] pnp: PnP ACPI init
[    1.168255] pnp: PnP ACPI: found 3 devices
[    1.179429] clocksource: acpi_pm: mask: 0xffffff max_cycles: 0xffff, max_idle_ns: 2085701024 ns
[    1.232986] NET: Registered protocol family 2

[    1.234367] TCP established hash table entries: 8192 (order: 4, 65536 bytes)
[    1.235882] TCP bind hash table entries: 8192 (order: 5, 131072 bytes)
[    1.237152] TCP: Hash tables configured (established 8192 bind 8192)
[    1.238447] UDP hash table entries: 512 (order: 2, 16384 bytes)
[    1.239598] UDP-Lite hash table entries: 512 (order: 2, 16384 bytes)
[    1.240843] NET: Registered protocol family 1
[    1.257512] pci 0000:00:00.0: Limiting direcPCI/PCI transfers
[    1.309027] pci 0000:00:01.0: Activating ISA DMA hang workarounds
[    1.310250] Unpacking initramfs...

[    3.390201] Freeing initrd memory: 10920K
[    3.396708] platform rtc_cmos: registered platform RTC device (no PNP device found)
[    3.398131] Scanning for low memory corruption every 60 seconds
[    3.399886] audit: initializing netlink subsys (disabled)
[    3.401496] audit: type=2000 audit(1525981309.385:1): initialized
[    3.402800] Initialise system trusted keyring
[    3.403928] HugeTLB registered 2 MB page size, pre-allocated 0 pages
[    3.413223] zbud: loaded
[    3.414297] VFS: Disk quotas dquot_6.6.0
[    3.415194] VFS: Dquot-cache hash table entries: 512 (order 0, 4096 bytes)
[    3.417247] squashfs: version 4.0 (2009/01/31) Phillip Lougher
[    3.418763] fuse init (API version 7.23)
[    3.419748] Key type big_key registered
[    3.420683] Allocating IMA MOK and blacklist keyrings.
[    3.423506] Key type asymmetric registered
[    3.424412] Asymmetric key parser 'x509' registered
[    3.425503] Block layer SCSI generic (bsg) driver version 0.4 loaded (major 249)
[    3.427211] io scheduler noop registered
[    3.427939] io scheduler deadline registered (default)
[    3.428920] io scheduler cfq registered
[    3.429720] pci_hotplug: PCI Hot Plug PCI Core version: 0.5
[    3.430685] pciehp: PCI Express Hot Plug Controller Driver version: 0.4
[    3.431896] ACPI: AC Adapter [AC] (on-line)
[    3.439583] input: Power Button as /devices/LNXSYSTM:00/LNXPWRBN:00/input/input0
[    3.441068] ACPI: Power Button [PWRF]
[    3.442032] input: Sleep Button as /devices/LNXSYSTM:00/LNXSLPBN:00/input/input1
[    3.452647] ACPI: Sleep Button [SLPF]
[    3.453779] GHES: HEST is not enabled!
[    3.454545] ACPI: Battery Slot [BAT0] (battery present)
[    3.456084] Serial: 8250/16550 driver, 32 ports, IRQ sharing enabled
[    3.480152] 00:02: ttyS0 at I/O 0x3f8 (irq = 4, base_baud = 115200) is a 16550A
[    3.489557] Linux agpgart interface v0.103
[    3.494100] loop: module loaded
[    3.495335] scsi host0: ata_piix
[    3.496093] scsi host1: ata_piix
[    3.496791] ata1: PATA max UDMA/33 cmd 0x1f0 ctl 0x3f6 bmdma 0xd000 irq 14
[    3.497883] ata2: PATA max UDMA/33 cmd 0x170 ctl 0x376 bmdma 0xd008 irq 15
[    3.499416] libphy: Fixed MDIO Bus: probed
[    3.509498] tun: Universal TUN/TAP device driver, 1.6
[    3.510424] tun: (C) 1999-2004 Max Krasnyansky <maxk@qualcomm.com>
[    3.511494] PPP generic driver version 2.4.2
[    3.512369] ehci_hcd: USB 2.0 'Enhanced' Host Controller (EHCI) Driver
[    3.513458] ehci-pci: EHCI PCI platform driver
[    3.514252] ehci-platform: EHCI generic platform driver
[    3.515224] ohci_hcd: USB 1.1 'Open' Host Controller (OHCI) Driver
[    3.516790] ohci-pci: OHCI PCI platform driver
[    3.530826] ohci-platform: OHCI generic platform driver
[    3.531792] uhci_hcd: USB Universal Host Controller Interface driver
[    3.539797] i8042: PNP: PS/2 Controller [PNP0303:PS2K,PNP0f03:PS2M] at 0x60,0x64 irq 1,12
[    3.542141] serio: i8042 KBD port at 0x60,0x64 irq 1
[    3.543431] serio: i8042 AUX port at 0x60,0x64 irq 12
[    3.544912] mousedev: PS/2 mouse device common for all mice
[    3.546165] input: AT Translated Set 2 keyboard as /devices/platform/i8042/serio0/input/input2
[    3.568194] rtc_cmos rtc_cmos: rtc core: registered rtc_cmos as rtc0
[    3.569762] rtc_cmos rtc_cmos: alarms up to one day, 114 bytes nvram
[    3.571221] i2c /dev entries driver
[    3.572160] device-mapper: uevent: version 1.0.3
[    3.573451] device-mapper: ioctl: 4.34.0-ioctl (2015-10-28) initialised: dm-devel@redhat.com
[    3.575546] ledtrig-cpu: registered to indicate activity on CPUs
[    3.577433] NET: Registered protocol family 10
[    3.578639] NET: Registered protocol family 17
[    3.579553] Key type dns_resolver registered
[    3.582865] registered taskstats version 1
[    3.584074] Loading compiled-in X.509 certificates
[    3.593787] Loaded X.509 cert 'Build time autogenerated kernel key: 97a7db5071cab428e7f67f96f51ed8d32b3fc527'
[    3.595472] zswap: loaded using pool lzo/zbud
[    3.597830] Key type trusted registered
[    3.621416] Key type encrypted registered
[    3.622294] AppArmor: AppArmor sha1 policy hashing enabled
[    3.623234] ima: No TPM chip found, activating TPM-bypass!
[    3.624228] evm: HMAC attrs: 0x1
[    3.625281]   Magic number: 2:892:697
[    3.626217]   hash matches /build/linux-DqQ95A/linux-4.4.0/drivers/base/power/main.c:611
[    3.627745] rtc_cmos rtc_cmos: setting system clock to 2018-05-10 19:41:44 UTC (1525981304)
[    3.629354] BIOS EDD facility v0.16 2004-Jun-25, 0 devices found
[    3.630332] EDD information not available.
[    3.666451] Freeing unused kernel memory: 1508K
[    3.667725] Write protecting the kernel read-only data: 14336k
[    3.669545] Freeing unused kernel memory: 1696K
[    3.670884] Freeing unused kernel memory: 100K
Loading, please wait...
starting version 229
[    3.687605] random: systemd-udevd: uninitialized urandom read (16 bytes read, 3 bits of entropy available)
[    3.688473] random: udevadm: uninitialized urandom read (16 bytes read, 3 bits of entropy available)
[    3.688503] random: udevadm: uninitialized urandom read (16 bytes read, 3 bits of entropy available)
[    3.694488] random: systemd-udevd: uninitialized urandom read (16 bytes read, 3 bits of entropy available)
[    3.696928] random: systemd-udevd: uninitialized urandom read (16 bytes read, 3 bits of entropy available)
[    3.698226] random: udevadm: uninitialized urandom read (16 bytes read, 3 bits of entropy available)
[    3.698270] random: udevadm: uninitialized urandom read (16 bytes read, 3 bits of entropy available)
[    3.698415] random: udevadm: uninitialized urandom read (16 bytes read, 3 bits of entropy available)
[    3.698465] random: udevadm: uninitialized urandom read (16 bytes read, 3 bits of entropy available)
[    3.698517] random: udevadm: uninitialized urandom read (16 bytes read, 3 bits of entropy available)
[    3.772184] e1000: Intel(R) PRO/1000 Network Driver - version 7.3.21-k8-NAPI
[    3.774163] e1000: Copyright (c) 1999-2006 Intel Corporation.
[    3.781449] Fusion MPT base driver 3.04.20
[    3.782443] Copyright (c) 1999-2008 LSI Corporation
[    3.807082] Fusion MPT SPI Host driver 3.04.20
[    3.835804] AVX2 version of gcm_enc/dec engaged.
[    3.836907] AES CTR mode by8 optimization enabled
[    4.044646] input: ImExPS/2 Generic Explorer Mouse as /devices/platform/i8042/serio1/input/input4
[    4.285618] e1000 0000:00:03.0 eth0: (PCI:33MHz:32-bit) 02:41:7b:83:f1:96
[    4.287061] e1000 0000:00:03.0 eth0: Intel(R) PRO/1000 Network Connection
[    4.289261] mptbase: ioc0: Initiating bringup
[    4.289786] e1000 0000:00:03.0 enp0s3: renamed from eth0
[    4.353022] ioc0: LSI53C1030 A0: Capabilities={Initiator}
[    4.397740] tsc: Refined TSC clocksource calibration: 2712.649 MHz
[    4.399885] clocksource: tsc: mask: 0xffffffffffffffff max_cycles: 0x2719ebb0d00, max_idle_ns: 440795344970 ns
[    4.519994] scsi host2: ioc0: LSI53C1030 A0, FwRev=00000000h, Ports=1, MaxQ=256, IRQ=20
[    4.633129] scsi 2:0:0:0: Direct-Access     VBOX     HARDDISK         1.0  PQ: 0 ANSI: 5
[    4.655814] scsi target2:0:0: Beginning Domain Validation
[    4.658547] scsi target2:0:0: Domain Validation skipping write tests
[    4.661245] scsi target2:0:0: Ending Domain Validation
[    4.662536] scsi target2:0:0: asynchronous
[    4.664157] scsi 2:0:1:0: Direct-Access     VBOX     HARDDISK         1.0  PQ: 0 ANSI: 5
[    4.852114] scsi target2:0:1: Beginning Domain Validation
[    4.934421] scsi target2:0:1: Domain Validation skipping write tests
[    4.935640] scsi target2:0:1: Ending Domain Validation
[    4.937011] scsi target2:0:1: asynchronous
[    4.942321] sd 2:0:0:0: Attached scsi generic sg0 type 0
[    4.943735] sd 2:0:1:0: Attached scsi generic sg1 type 0
[    4.943898] sd 2:0:0:0: [sda] 20971520 512-byte logical blocks: (10.7 GB/10.0 GiB)
[    4.951797] sd 2:0:1:0: [sdb] 20480 512-byte logical blocks: (10.5 MB/10.0 MiB)
[    4.953911] sd 2:0:0:0: [sda] Write Protect is off
[    4.954883] sd 2:0:1:0: [sdb] Write Protect is off
[    4.955885] sd 2:0:0:0: [sda] Incomplete mode parameter data
[    4.956914] sd 2:0:0:0: [sda] Assuming drive cache: write through
[    4.958336] sd 2:0:1:0: [sdb] Incomplete mode parameter data
[    4.959639] sd 2:0:1:0: [sdb] Assuming drive cache: write through
[    4.979727]  sda: sda1
[    4.981466] sd 2:0:0:0: [sda] Attached SCSI disk
[    5.010031] sd 2:0:1:0: [sdb] Attached SCSI disk
Begin: Loading essential drivers ... [    6.805255] md: linear personality registered for level -1
[    6.809185] md: multipath personality registered for level -4
[    6.821241] md: raid0 personality registered for level 0
[    6.825846] md: raid1 personality registered for level 1
[    6.896807] raid6: sse2x1   gen()  7379 MB/s
[    6.967020] raid6: sse2x1   xor()  4447 MB/s
[    7.047272] raid6: sse2x2   gen()  6452 MB/s
[    7.116772] raid6: sse2x2   xor()  6879 MB/s
[    7.185715] raid6: sse2x4   gen() 11302 MB/s
[    7.252934] raid6: sse2x4   xor()  7591 MB/s
[    7.320552] raid6: avx2x1   gen() 16307 MB/s
[    7.388567] raid6: avx2x2   gen() 15471 MB/s
[    7.461151] raid6: avx2x4   gen() 20946 MB/s
[    7.468259] raid6: using algorithm avx2x4 gen() 20946 MB/s
[    7.477152] raid6: using avx2x2 recovery algorithm
[    7.479512] xor: automatically using best checksumming function:
[    7.520939]    avx       : 18101.000 MB/sec
[    7.523655] async_tx: api initialized (async)
[    7.534508] md: raid6 personality registered for level 6
[    7.543713] md: raid5 personality registered for level 5
[    7.545026] md: raid4 personality registered for level 4
[    7.551428] md: raid10 personality registered for level 10
done.
Begin: Running /scripts/init-premount ... done.
Begin: Mounting root file system ... Begin: Running /scripts/local-top ... done.
Begin: Running /scripts/local-premount ... [    7.615046] Btrfs loaded
Scanning for Btrfs filesystems
done.
Warning: fsck not present, so skipping root file system
[    7.869647] EXT4-fs (sda1): mounted filesystem with ordered data mode. Opts: (null)
done.
Begin: Running /scripts/local-bottom ... done.
Begin: Running /scripts/init-bottom ... done.
[    8.106097] random: nonblocking pool is initialized
[    9.601963] systemd[1]: systemd 229 running in system mode. (+PAM +AUDIT +SELINUX +IMA +APPARMOR +SMACK +SYSVINIT +UTMP +LIBCRYPTSETUP +GCRYPT +GNUTLS +ACL +XZ -LZ4 +SECCOMP +BLKID +ELFUTILS +KMOD -IDN)
[    9.606749] systemd[1]: Detected virtualization oracle.
[    9.608105] systemd[1]: Detected architecture x86-64.

Welcome to [1mUbuntu 16.04.4 LTS[0m!

[    9.649261] systemd[1]: Set hostname to <ubuntu>.
[    9.672115] systemd[1]: Initializing machine ID from random generator.
[    9.673891] systemd[1]: Installed transient /etc/machine-id file.
[   10.994327] systemd[1]: Reached target Swap.
[[0;32m  OK  [0m] Reached target Swap.
[   10.996885] systemd[1]: Listening on Journal Socket (/dev/log).
[[0;32m  OK  [0m] Listening on Journal Socket (/dev/log).
[   11.000813] systemd[1]: Listening on /dev/initctl Compatibility Named Pipe.
[[0;32m  OK  [0m] Listening on /dev/initctl Compatibility Named Pipe.
[   11.004954] systemd[1]: Created slice User and Session Slice.
[[0;32m  OK  [0m] Created slice User and Session Slice.
[   11.011179] systemd[1]: Listening on Syslog Socket.
[[0;32m  OK  [0m] Listening on Syslog Socket.
[ 11.039434] systemd[1]: Listening on Device-mapper event daemon FIFOs.

[[0;32m  OK  [0m] Listening on Device-mapper event daemon FIFOs.
[   11.094700] systemd[1]: Reached target System Time Synchronized.
[[0;32m  OK  [0m] Reached target System Time Synchronized.
[   11.100304] systemd[1]: Reached target Encrypted Volumes.
[[0;32m  OK  [0m] Reached target Encrypted Volumes.
[   11.103274] systemd[1]: Listening on Journal Audit Socket.
[[0;32m  OK  [0m] Listening on Journal Audit Socket.
[   11.106195] systemd[1]: Listening on LVM2 poll daemon socket.
[[0;32m  OK  [0m] Listening on LVM2 poll daemon socket.
[   11.117390] systemd[1]: Listening on udev Kernel Socket.
[[0;32m  OK  [0m] Listening on udev Kernel Socket.
[   11.125334] systemd[1]: Reached target User and Group Name Lookups.
[[0;32m  OK  [0m] Reached target User and Group Name Lookups.
[   11.131084] systemd[1]: Listening on LVM2 metadata daemon socket.
[[0;32m  OK  [0m] Listening on LVM2 metadata daemon socket.
[   11.135602] systemd[1]: Set up automount Arbitrary Executable File Formats File System Automount Point.
[[0;32m  OK  [0m] Set up automount Arbitrary Executab...ats File System Automount Point.
[   11.140860] systemd[1]: Listening on udev Control Socket.
[[0;32m  OK  [0m] Listening on udev Control Socket.
[   11.144471] systemd[1]: Created slice System Slice.
[[0;32m  OK  [0m] Created slice System Slice.
[   11.163881] systemd[1]: Reached taret Slices.

[[0;32m  OK  [0m] Reached target Slices.
[   11.199980] systemd[1]: Created slice system-serial\x2dgetty.slice.
[[0;32m  OK  [0m] Created slice system-serial\x2dgetty.slice.
[   11.203083] systemd[1]: Started Forward Password Requests to Wall Directory Watch.
[[0;32m  OK  [0m] Started Forward Password Requests to Wall Directory Watch.
[   11.206601] systemd[1]: Started Trigger resolvconf update for networkd DNS.
[[0;32m  OK  [0m] Started Trigger resolvconf update for networkd DNS.
[   11.209268] systemd[1]: Listening on Journal Socket.
[[0;32m  OK  [0m] Listening on Journal Socket.
[   11.224788] systemd[1]: Starting Monitoring of LVM2 mirrors, snapshots etc. using dmeventd or progress polling...
         Starting Monitoring of LVM2 mirrors... dmeventd or progress polling...
[   11.308762] systemd[1]: Starting Create list of required static device nodes for the current kernel...
         Starting Create list of required st... nodes for the current kernel...
[   11.314142] systemd[1]: Mounting Debug File System...
         Mounting Debug File System...
[   11.317651] systemd[1]: Starting Uncomplicated firewall...
         Starting Uncomplicated firewall...
[   11.320936] systemd[1]: Starting Set console keymap...
         Starting Set console keymap...
[   11.323820] systemd[1]: Mounting POSIX Message Queue File System...
         Mounting POSIX Message Queue File System...
[   11.333222] systemd[1]: Mounting Huge Pages File System...
         Mounting Huge Pages File System...
[   11.336191] systemd[1]: Starting Journal Service...
         Starting Journal Service...
[   11.388598] systemd[1]: Starting Load Kernel Modules...
         Starting Load Kernel Modules...
[   11.440825] systemd[1]: Starting Remount Root and Kernel File Systems...
         Starting Remount Root and Kernel File Systems...
[   11.453715] systemd[1]: Starting Nameserver information manager...
         Starting Nameserver information manager...
[   11.469075] systemd[1]: Mounted Huge Pages File System.
[[0;32m  OK  [0m] Mounted Huge Pages File System.
[   11.471396] systemd[1]: Mounted Debug File System.
[[0;32m  OK  [0m] Mounted Debug File System.
[   11.473750] systemd[1]: Mounted POSIX Message Queue File System.
[[0;32m  OK  [0m] Mounted POSIX Message Queue File System.
[   11.483020] systemd[1]: Started Create list of required static device nodes for the current kernel.
[[0;32m  OK  [0m] Started Create list of required sta...ce nodes for the current kernel.
[   11.487704] systemd[1]: Started Uncomplicated firewall.
[[0;32m  OK  [0m] Started Uncomplicated firewall.
[   11.538718] systemd[1]: Starting Create Static Device Nodes in /dev...
         Starting Create Static Device Nodes in /dev...
[   11.552129] systemd[1]: Started Nameserver information manager.
[[0;32m  OK  [0m] Started Nameserver information manager.
[   11.574154] EXT4-fs (sda1): re-mounted. Opts: (null)
[   11.577282] systemd[1]: Started Remount Root and Kernel File Systems.
[[0;32m  OK  [0m] Started Remount Root and Kernel File Systems.
[   11.601538] systemd[1]: Starting Initial cloud-init job (pre-networking)...
         Starting Initial cloud-init job (pre-networking)...
[   11.645254] Loading iSCSI transport class v2.0-870.
[   11.712671] systemd[1]: Starting udev Coldplug all Devices...
         Starting udev Coldplug [   11.730133] iscsi: registered transport (tcp)
all Devices...
[   11.753344] systemd[1]: Starting Load/Save Random Seed...
         Starting Load/Save Random Seed...
[   11.763892] systemd[1]: Started Set console keymap.
[[0;32m  OK  [0m] Started Set console keymap.
[   11.834896] systemd[1]: Started Journal Service.
[[0;32m  OK  [0m] Started Journal Service.
[[0;32m  OK  [0m] Started LVM2 metadata daemon.
         Starting Flush Journal to Persistent Storage...
[[0;32m  OK  [0m] Started udev Coldplug all Devices.
[[0;32m  OK  [0m] Started Load/Save Random Seed.
[   11.979355] systemd-journald[385]: Received request to flush runtime journal from PID 1
[[0;32m  OK  [0m] Started Flush Journal to Persistent Storage.
[   12.182206] iscsi: registered transport (iser)
[[0;32m  OK  [0m] Started Load Kernel Modules.
         Mounting FUSE Control File System...
         Starting Apply Kernel Variables...
[[0;32m  OK  [0m] Mounted FUSE Control File System.
[[0;32m  OK  [0m] Started Apply Kernel Variables.
[[0;32m  OK  [0m] Started Create Static Device Nodes in /dev.
         Starting udev Kernel Device Manager...
[[0;32m  OK  [0m] Started Monitoring of LVM2 mirrors,...ng dmeventd or progress polling.
[[0;32m  OK  [0m] Started udev Kernel Device Manager.
[[0;32m  OK  [0m] Started Dispatch Password Requests to Console Directory Watch.
[[0;32m  OK  [0m] Reached target Local File Systems (Pre).
[[0;32m  OK  [0m] Reached target Local File Systems.
         Starting LSB: AppArmor initialization...
         Starting Commit a transient machine-id on disk...
         Starting Create Volatile Files and Directories...
         Starting Tell Plymouth To Write Out Runtime Data...
         Starting Set console font and keymap...
[[0;32m  OK  [0m] Started Commit a transient machine-id on disk.
[[0;32m  OK  [0m] Started Create Volatile Files and Directories.
         Starting Update UTMP about System Boot/Shutdown...
[[0;32m  OK  [0m] Started Tell Plymouth To Write Out Runtime Data.
[[0;32m  OK  [0m] Started Update UTMP about System Boot/Shutdown.
[[0;32m  OK  [0m] Found device /dev/ttyS0.
[[0;32m  OK  [0m] Listening on Load/Save RF Kill Switch Status /dev/rfkill Watch.
[[0;32m  OK  [0m] Started Set console font and keymap.
[[0;32m  OK  [0m] Created slice system-getty.slice.
[[0;32m  OK  [0m] Started LSB: AppArmor initialization.
[   18.131858] cloud-init[416]: Cloud-init v. 18.2 running 'init-local' at Thu, 10 May 2018 19:41:59 +0000. Up 17.45 seconds.
[[0;32m  OK  [0m] Started Initial cloud-init job (pre-networking).
[[0;32m  OK  [0m] Reached target Network (Pre).
         Starting Raise network interfaces...
[[0;32m  OK  [0m] Started Raise network interfaces.
[[0;32m  OK  [0m] Reached target Network.
         Starting Initial cloud-init job (metadata service crawler)...
[   21.059565] cloud-init[923]: Cloud-init v. 18.2 running 'init' at Thu, 10 May 2018 19:42:00 +0000. Up 19.06 seconds.
[   21.061817] cloud-init[923]: ci-info: +++++++++++++++++++++++++++++++++++++Net device info++++++++++++++++++++++++++++++++++++++
[   21.064028] cloud-init[923]: ci-info: +--------+------+----------------------------+---------------+-------+-------------------+
[   21.066224] cloud-init[923]: ci-info: | Device |  Up  |          Address           |      Mask     | Scope |     Hw-Address    |
[   21.073724] cloud-init[923]: ci-info: +--------+------+----------------------------+---------------+-------+-------------------+
[   21.080332] cloud-init[923]: ci-info: | enp0s3 | True |         10.0.2.15          | 255.255.255.0 |   .   | 02:41:7b:83:f1:96 |
[   21.082610] cloud-init[923]: ci-info: | enp0s3 | True | fe80::41:7bff:fe83:f196/64 |       .       |  link | 02:41:7b:83:f1:96 |
[   21.084826] cloud-init[923]: ci-info: |   lo   | True |         127.0.0.1          |   255.0.0.0   |   .   |         .         |
[   21.112513] cloud-init[923]: ci-info: |   lo   | True |          ::1/128           |       .       |  host |         .         |
[   21.181715] cloud-init[923]: ci-info: +--------+------+----------------------------+---------------+-------+-------------------+
[   21.182349] cloud-init[923]: ci-info: +++++++++++++++++++++++++++Route IPv4 info++++++++++++++++++++++++++++
[   21.183720] cloud-init[923]: ci-info: +-------+-------------+----------+---------------+-----------+-------+
[[0;32m  OK  [0m] Started Initial cloud-init job (metadata service crawler).
[   21.184762] [[0;32m  OK  [0m] Reached target Cloud-config availability.
[[0;32m  OK  [0m] Reached target System Initialization.
cloud-init[923]: ci-info: | Route | Destination | Gateway  |    Genmask    | Interface | Flags |
[   21.215085] cloud-init[923]: ci-info: +-------+-------------+----------+---------------+-----------+-------+
[   21.217846] cloud-init[923]: ci-info: |   0   |   0.0.0.0   | 10.0.2.2 |    0.0.0.0    |   enp0s3  |   UG  |
[   21.220324] cloud-init[923]: ci-info: |   1   |   10.0.2.0  | 0.0.0.0  | 255.255.255.0 |   enp0s3  |   U   |
[   21.222754]          Starting LXD - unix socket.
cloud-init[923]: ci-info: +-------+-------------+----------+---------------+-----------+-------+
[   21.231176] cloud-init[923]: Generating public/private rsa key pair.
[   21.233138] cloud-init[923]: Your identification has been saved in /etc/ssh/ssh_host_rsa_key.
[   21.235378] cloud-init[923]: Your public key has been saved in /etc/ssh/ssh_host_rsa_key.pub.[[0;32m  OK  [0m] Started ACPI Events Check.
[[0;32m  OK  [0m] Reached target Paths.
[[0;32m  OK  [0m] Started Daily Cleanup of Temporary Directories.
[[0;32m  OK  [0m] Started Daily apt download activities.
[[0;32m  OK  [0m] Started Daily apt upgrade and clean activities.
[[0;32m  OK  [0m] Listening on UUID daemon activation socket.
[[0;32m  OK  [0m] Listening on ACPID Listen Socket.
         Starting Socket activation for snappy daemon.
[[0;32m  OK  [0m] Listening on D-Bus System Message Bus Socket.
[[0;32m  OK  [0m] Reached target Timers.
[[0;32m  OK  [0m] Reached target Network is Online.

[   21.252401] cloud-init[923]: The key fingerprint is:
[   21.253744] cloud-init[923]: SHA256:DHJnN0Cq0656HrN1fDnMqfrWZGLSguhK1CbJ2iHx8N0 root@ubuntu-xenial
[   21.255463] cloud-init[923]: The key's randomart image is:
         Starting iSCSI initiator daemon (iscsid)...
[   21.271011] cloud-init[923]: +---[RSA 2048]----+
[[0;32m  OK  [0m] Listening on LXD - unix socket.
[[0;32m  OK  [0m] Listening on Socket activation for snappy daemon.
[   21.273733] cloud-init[923]: |       .o        |
[   21.283853] [[0;32m  OK  [0m] Reached target Sockets.
[[0;32m  OK  [0m] Reached target Basic System.
cloud-init[923]: |       . .       |
[   21.285851] cloud-init[923]: |o   . + o o      |
[   21.287240] cloud-init[923]: |.=o. * = . .     |
[   21.288613] cloud-init[923]: |.=+++.E.S        |
[   21.289755] cloud-init[923]: |oo+..oo.+ooo     |
[   21.290868] cloud-init[923]: |.o. o o+o=B      |
[   21.297989] cloud-init[923]: |. . .* ..o..     |
[   21.299603]          Starting LSB: MD monitoring daemon...
cloud-init[923]:          Starting Virtualbox guest utils...
|...++ .+o        |
[   21.304104] cloud-init[923]: +----[SHA256]-----+
[   21.305610] cloud-init[923]: Generating public/private dsa key pair.
[   21.306953] cloud-init[923]: Your identification has been saved in /etc/ssh/ssh_host_dsa_key.
[   21.311789] [[0;32m  OK  [0m] Started ACPI event daemon.
cloud-init[923]: Your public key has been saved in /etc/ssh/ssh_host_dsa_key.pub.[[0;32m  OK  [0m] Started Deferred execution scheduler.

[   21.315127] cloud-init[923]: The key fingerprint is:
[   21.317998] cloud-init[923]: SHA256:AhG8YUta6ILqyQz1egy0/GrdQ9Opn4elMVvLGJ8nEIk root@ubuntu-xenial
[   21.345836] cloud-init[923]: The key's randomart image is:
         Starting Pollinate to seed the pseudo random number generator...
         Starting LSB: Record successful boot for GRUB...
[[0;32m  OK  [0m] Started FUSE filesystem for LXC.
         Starting LXD - container startup/shutdown...
[   21.347859] cloud-init[923]: +---[DSA 1024]----+
[   21.354842] cloud-init[923]: |   oo.           |
[   21.361950] cloud-init[923]: |  . *.           |
[   21.368492]          Starting Accounts Service...
[[0;32m  OK  [0m] Started Unattended Upgrades Shutdown.
cloud-init[923]: |.. =.+ . .       |
[   21.370998] cloud-init[923]: |o = o.E o        |
[   21.372388] cloud-init[923]: |.= o  ..So       |
[   21.373691] cloud-init[923]: [[0;32m  OK  [0m] Started Regular background program processing daemon.
|o + . o.B o      |
[   21.383361]          Starting System Logging Service...
cloud-init[923]: |= .* o o # o     |
[   21.386711] cloud-init[923]: | =o = + =.B .    |
[   21.388092] cloud-init[923]: | ..o   oo. o     |
[   21.389552] cloud-init[923]: +----[SHA256]-----+
[   21.391086] cloud-init[923]: Generating public/private ecdsa key pair.
[   21.396496] cloud-init[923]: Your identification has been saved in /etc/ssh/ssh_host_ecdsa_key.
[   21.398493] cloud-init[923]: Your public key has been saved in /etc/ssh/ssh_host_ecdsa_key.pub.
[   21.400657] cloud-init[923]: The key fingerprint is:
[   21.402232] cloud-init[923]: SHA256:hv3ldRTME1qrXATu43BBqcEZYghcMBdDgfAeDcyU4UU root@ubuntu-xenial
[   21.404178] cloud-init[923]: The key's randomart image is:
[   21.406177] cloud-init[923]: +---[ECDSA 256]---+
[   21.408257] cloud-init[923]: |   .*BXE+o..oo==.|
[   21.411033] cloud-init[923]: |    o**.o .+o.++o|
[   21.413361] cloud-init[923]: |     + .    o+ oo|
[   21.415119] cloud-init[923]: |    . .o   .o +. |         Starting Snappy daemon...

[   21.417287]          Starting Apply the settings specified in cloud-config...
cloud-init[923]: |     .. S  ..*. .|
[   21.438560] [[0;32m  OK  [0m] Started D-Bus System Message Bus.
cloud-init[923]: |       . . o+... |
[   21.440821] cloud-init[923]: |          . ..   |
[   21.487789] cloud-init[923]: |                 |
[   21.489518] cloud-init[923]: |                 |
[   21.500632] cloud-init[923]: +----[SHA256]-----+
[   21.520318] cloud-init[923]: Generating public/private ed25519 key pair.
[   21.535723] cloud-init[923]: Your identification has been saved in /etc/ssh/ssh_host_ed25519_key.
[   21.538040] cloud-init[923]: Your public key has been saved in /etc/ssh/ssh_host_ed25519_key.pub.
[   21.540268] cloud-init[923]: The key fingerprint is:
[   21.551386] cloud-init[923]: SHA256:H5gHVzsU8prPbjWjfGn3S22VBaFCdhobxgt81zPIfb4 root@ubuntu-xenial
[   21.560717] cloud-init[923]: The key's randomart image is:
[   21.582249] cloud-init[923]: +--[ED25519 256]--+
[   21.606583] cloud-init[923]: |       . .B.==o. |
[   21.608417] cloud-init[923]: |        o+o@+o=..|
[   21.621707] cloud-init[923]: |        .o=o=  =.|
[   21.623158] cloud-init[923]: |         =.+ .  +|
[   21.672009] cloud-init[923]: |        S =    .o|
[   21.675532] cloud-init[923]: |         o +  +Eo|
[   21.694584] cloud-init[923]: |          ..oo =o|
[   21.696345] cloud-init[923]: |           .+ =..|
[   21.718147] cloud-init[923]: |           ..o o+|
[   21.719901] cloud-init[923]: +----[SHA256]-----+
         Starting /etc/rc.local Compatibility...
[   22.619236] cloud-init[1057]: Generating locales (this might take a while)...
         Starting Login Service...
[[0;32m  OK  [0m] Started System Logging Service.
[[0;32m  OK  [0m] Started /etc/rc.local Compatibility.
[[0;32m  OK  [0m] Started Login Service.
[[0;32m  OK  [0m] Started iSCSI initiator daemon (iscsid).
         Starting Login to default iSCSI targets...
[[0;32m  OK  [0m] Started LSB: Record successful boot for GRUB.
[[0;32m  OK  [0m] Started LSB: MD monitoring daemon.
         Starting Authenticate and Authorize Users to Run Privileged Tasks...
[[0;32m  OK  [0m] Started Login to default iSCSI targets.
[[0;32m  OK  [0m] Reached target Remote File Systems (Pre).
[[0;32m  OK  [0m] Reached target Remote File Systems.
         Starting LSB: Set the CPU Frequency Scaling governor to "ondemand"...
         Starting LSB: daemon to balance interrupts for SMP systems...
         Starting LSB: automatic crash report generation...
         Starting Permit User Sessions...
[[0;32m  OK  [0m] Started LSB: Set the CPU Frequency Scaling governor to "ondemand".
[[0;32m  OK  [0m] Started LSB: automatic crash report generation.
[[0;32m  OK  [0m] Started Permit User Sessions.
         Starting Hold until boot process finishes up...
         Starting Terminate Plymouth Boot Screen...
[[0;32m  OK  [0m] Started Hold until boot process finishes up.
[[0;32m  OK  [0m] Started Terminate Plymouth Boot Screen.
[[0;32m  OK  [0m] Started LSB: daemon to balance interrupts for SMP systems.
[[0;32m  OK  [0m] Started Serial Getty on ttyS0.
[[0;32m  OK  [0m] Started Getty on tty1.
[[0;32m  OK  [0m] Reached target Login Prompts.
         Starting Set console scheme...
[[0;32m  OK  [0m] Started Virtualbox guest utils.
[[0;32m  OK  [0m] Started Set console scheme.
[[0;32m  OK  [0m] Started Authenticate and Authorize Users to Run Privileged Tasks.
[[0;32m  OK  [0m] Started Accounts Service.
[   26.237457] cloud-init[1057]:   en_US.UTF-8... done
[   26.239115] cloud-init[1057]: Generation complete.
[[0;32m  OK  [0m] Started Pollinate to seed the pseudo random number generator.
         Starting OpenBSD Secure Shell server...
[[0;32m  OK  [0m] Started Snappy daemon.
[[0;32m  OK  [0m] Started LXD - container startup/shutdown.
[[0;32m  OK  [0m] Started OpenBSD Secure Shell server.
[[0;32m  OK  [0m] Reached target Multi-User System.
[[0;32m  OK  [0m] Reached target Graphical Interface.
         Starting Update UTMP about System Runlevel Changes...
[[0;32m  OK  [0m] Started Update UTMP about System Runlevel Changes.
[   28.805154] cloud-init[1057]: Cloud-init v. 18.2 running 'modules:config' at Thu, 10 May 2018 19:42:03 +0000. Up 21.69 seconds.
[[0;32m  OK  [0m] Started Apply the settings specified in cloud-config.
         Starting Execute cloud user/final scripts...
[[0;32m  OK  [0m] Created slice User Slice of vagrant.
         Starting User Manager for UID 1000...
[[0;32m  OK  [0m] Started Session 1 of user vagrant.
[[0;32m  OK  [0m] Started User Manager for UID 1000.
ci-info: no authorized ssh keys fingerprints found for user ubuntu.
<14>May 10 19:42:11 ec2: 
<14>May 10 19:42:11 ec2: #############################################################
<14>May 10 19:42:11 ec2: -----BEGIN SSH HOST KEY FINGERPRINTS-----
<14>May 10 19:42:11 ec2: 1024 SHA256:AhG8YUta6ILqyQz1egy0/GrdQ9Opn4elMVvLGJ8nEIk root@ubuntu-xenial (DSA)
<14>May 10 19:42:11 ec2: 256 SHA256:hv3ldRTME1qrXATu43BBqcEZYghcMBdDgfAeDcyU4UU root@ubuntu-xenial (ECDSA)
<14>May 10 19:42:11 ec2: 256 SHA256:H5gHVzsU8prPbjWjfGn3S22VBaFCdhobxgt81zPIfb4 root@ubuntu-xenial (ED25519)
<14>May 10 19:42:11 ec2: 2048 SHA256:DHJnN0Cq0656HrN1fDnMqfrWZGLSguhK1CbJ2iHx8N0 root@ubuntu-xenial (RSA)
<14>May 10 19:42:11 ec2: -----END SSH HOST KEY FINGERPRINTS-----
<14>May 10 19:42:11 ec2: #############################################################
-----BEGIN SSH HOST KEY KEYS-----
ecdsa-sha2-nistp256 AAAAE2VjZHNhLXNoYTItbmlzdHAyNTYAAAAIbmlzdHAyNTYAAABBBJ/sXULBg++b1u07fwll6+wb7lweyF7sOjo+1ICU4eHoUIyv6kdxXStBT5uKXolwgcUg+Hgh3E3n7DjN8WKtKLw= root@ubuntu-xenial
ssh-ed25519 AAAAC3NzaC1lZDI1NTE5AAAAICVI/ASX39g6FltcqF2rt1NncrFOqmjD9ha5O9wmBxpS root@ubuntu-xenial
ssh-rsa AAAAB3NzaC1yc2EAAAADAQABAAABAQCn8rhkH2V1V0mwgIcGEo128XZbdlXRiyG0z+7rhiw55wp4nhECQ/zpa81smoeTmWQ6XfZPlswapwTwdXFmUpIJV7lbzp2wANclzEEY7u9/xf13DArHvtKRNuosOoJ39IWt4UlSXznV59q4lmNFOhD+a/iVmZ7gmYxuVxg2yyJIVwipSxUodINHAKAtdNd/TbtsWZ/eZhQok0+orPROB4XSPMF0fx25j0aAtfHCodOXtJjjzvr5QaZ0bE0+PaE4sz3/M24htm+rYAf941oL/Pwua3wk89mY0rhx5dVk+9ZUCesUSL2v32Be5VvQG8tE0dHV9vJZzkz1vWyg2TrpC8Fd root@ubuntu-xenial
-----END SSH HOST KEY KEYS-----
[   29.878043] cloud-init[1284]: Cloud-init v. 18.2 running 'modules:final' at Thu, 10 May 2018 19:42:11 +0000. Up 29.37 seconds.
[   29.878393] cloud-init[1284]: ci-info: no authorized ssh keys fingerprints found for user ubuntu.
[   29.878641] cloud-init[1284]: Cloud-init v. 18.2 finished at Thu, 10 May 2018 19:42:11 +0000. Datasource DataSourceNoCloud [seed=/dev/sdb][dsmode=net].  Up 29.86 seconds

Ubuntu 16.04.4 LTS ubuntu-xenial ttyS0

ubuntu-xenial login: 